2014-01-11 13:26:54,330 - root[8846] - CRITICAL - Cant find Serial port for key reading. We will now quit. Details: 
2014-01-11 13:28:36,120 - root[9048] - CRITICAL - Cant find Serial port for key reading. We will now quit. Details: 
2014-01-11 13:29:53,563 - root[9223] - INFO - Starting VirtualDevice named: _VirtualSpeaker._udp
2014-01-11 13:29:53,622 - root[9223] - CRITICAL - Cant find Serial port for key reading. We will now quit. Details: 
2014-01-11 13:33:17,440 - root[9616] - INFO - Starting VirtualDevice named: _VirtualSpeaker._udp
2014-01-11 13:33:17,659 - root[9616] - CRITICAL - Cant find Serial port for key reading. We will now quit. Details: 
2014-01-11 13:39:39,063 - root[10336] - INFO - Starting VirtualDevice named: _VirtualSpeaker._udp
2014-01-11 13:39:39,133 - root[10336] - INFO - Starting service browsing: _VirtualSpeaker._udp
2014-01-11 13:39:39,134 - root[10336] - CRITICAL - Cant find Serial port for key reading. We will now quit. Details: 
2014-01-11 13:40:46,577 - root[10455] - INFO - Starting VirtualDevice named: rpiSpeaker1337
2014-01-11 13:40:46,578 - root[10455] - INFO - Starting service browsing: _VirtualSpeaker._udp
2014-01-11 13:40:46,578 - root[10455] - CRITICAL - Cant find Serial port for key reading. We will now quit. Details: 
2014-01-11 13:42:08,686 - root[10541] - INFO - Starting VirtualDevice named: rpiSpeaker1337
2014-01-11 13:42:08,687 - root[10541] - INFO - Starting service browsing: _VirtualSpeaker._udp
2014-01-11 13:42:08,687 - root[10541] - CRITICAL - Cant find Serial port for key reading. We will now quit. Details: 
2014-01-11 13:42:44,757 - root[10683] - INFO - Starting VirtualDevice named: rpiSpeaker1337
2014-01-11 13:42:44,757 - root[10683] - INFO - Starting service browsing: _VirtualSpeaker._udp
2014-01-11 13:42:44,758 - root[10683] - CRITICAL - Cant find Serial port for key reading. We will now quit. Details: 
2014-01-11 13:44:00,947 - root[10869] - INFO - Starting VirtualDevice named: rpiSpeaker1337
2014-01-11 13:44:11,607 - root[10943] - INFO - Starting VirtualDevice named: rpiSpeaker1337
2014-01-11 13:44:11,608 - root[10943] - INFO - Starting service browsing: _VirtualSpeaker._udp
2014-01-11 13:44:11,609 - root[10943] - CRITICAL - Cant find Serial port for key reading. We will now quit. Details: 
2014-01-11 13:45:21,681 - root[11078] - INFO - Starting VirtualDevice named: rpiSpeaker1337
2014-01-11 13:45:21,695 - root[11078] - INFO - Starting service browsing: _VirtualSpeaker._udp
2014-01-11 13:45:21,695 - root[11078] - CRITICAL - Cant find Serial port for key reading. We will now quit. Details: 
2014-01-11 13:45:28,465 - root[11144] - INFO - Starting VirtualDevice named: rpiSpeaker1337
2014-01-11 13:45:28,466 - root[11144] - INFO - Starting service browsing: _VirtualSpeaker._udp
2014-01-11 13:45:28,467 - root[11144] - CRITICAL - Cant find Serial port for key reading. We will now quit. Details: 
2014-01-11 13:45:57,109 - root[11196] - INFO - Starting VirtualDevice named: rpiSpeaker1337
2014-01-11 13:45:57,110 - root[11196] - INFO - Starting service browsing: _VirtualSpeaker._udp
2014-01-11 13:45:57,111 - root[11196] - CRITICAL - Cant find Serial port for key reading. We will now quit. Details: [Errno 2] No such file or directory: '/dev/ttyACM0'
2014-01-11 13:46:04,841 - root[11262] - INFO - Starting VirtualDevice named: rpiSpeaker1337
2014-01-11 13:46:04,841 - root[11262] - INFO - Starting service browsing: _VirtualSpeaker._udp
2014-01-11 13:46:04,842 - root[11262] - CRITICAL - Cant find Serial port for key reading. We will now quit. Details: [Errno 2] No such file or directory: '/dev/ttyACM0'
2014-01-11 13:48:46,899 - root[11630] - INFO - Starting VirtualDevice named: rpiSpeaker1337
2014-01-11 13:48:46,899 - root[11630] - INFO - Starting thread
2014-01-11 13:48:46,900 - root[11630] - INFO - Starting service browsing: _VirtualSpeaker._udp
2014-01-11 13:48:46,901 - root[11630] - CRITICAL - Cant find Serial port for key reading. We will now quit. Details: [Errno 2] No such file or directory: '/dev/ttyACM0'
2014-01-11 13:48:46,901 - root[11630] - INFO - Service added; resolving
2014-01-11 13:49:19,719 - root[11713] - INFO - Starting VirtualDevice named: rpiSpeaker1337
2014-01-11 13:49:19,720 - root[11713] - INFO - Starting thread
2014-01-11 13:49:19,720 - root[11713] - INFO - Starting service browsing: _VirtualSpeaker._udp
2014-01-11 13:49:19,721 - root[11713] - CRITICAL - Cant find Serial port for key reading. We will now quit. Details: [Errno 2] No such file or directory: '/dev/ttyACM0'
2014-01-11 13:49:50,830 - root[11786] - INFO - Starting VirtualDevice named: rpiSpeaker1337
2014-01-11 13:49:50,830 - root[11786] - INFO - Starting Bonjour service browsing thread
2014-01-11 13:49:50,830 - root[11786] - INFO - Starting service browsing: _VirtualSpeaker._udp
2014-01-11 13:49:50,831 - root[11786] - CRITICAL - Cant find Serial port for key reading. We will now quit. Details: [Errno 2] No such file or directory: '/dev/ttyACM0'
2014-01-11 13:50:02,967 - root[11857] - INFO - Starting VirtualDevice named: rpiSpeaker1337
2014-01-11 13:50:02,967 - root[11857] - INFO - Starting Bonjour service browsing thread
2014-01-11 13:50:02,967 - root[11857] - INFO - Starting service browsing: _VirtualSpeaker._udp
2014-01-11 13:50:02,968 - root[11857] - CRITICAL - Cant find Serial port for key reading. We will now quit. Details: [Errno 2] No such file or directory: '/dev/ttyACM0'
2014-01-11 13:50:07,664 - root[11898] - INFO - Starting VirtualDevice named: rpiSpeaker1337
2014-01-11 13:50:07,665 - root[11898] - INFO - Starting Bonjour service browsing thread
2014-01-11 13:50:07,665 - root[11898] - INFO - Starting service browsing: _VirtualSpeaker._udp
2014-01-11 13:50:07,666 - root[11898] - CRITICAL - Cant find Serial port for key reading. We will now quit. Details: [Errno 2] No such file or directory: '/dev/ttyACM0'
2014-01-11 13:50:08,072 - root[11900] - INFO - Starting VirtualDevice named: rpiSpeaker1337
2014-01-11 13:50:08,072 - root[11900] - INFO - Starting Bonjour service browsing thread
2014-01-11 13:50:08,073 - root[11900] - INFO - Starting service browsing: _VirtualSpeaker._udp
2014-01-11 13:50:08,073 - root[11900] - CRITICAL - Cant find Serial port for key reading. We will now quit. Details: [Errno 2] No such file or directory: '/dev/ttyACM0'
2014-01-11 13:51:10,585 - root[12052] - INFO - Starting VirtualDevice named: rpiSpeaker1337
2014-01-11 13:51:10,586 - root[12052] - INFO - Starting Bonjour service browsing thread
2014-01-11 13:51:10,586 - root[12052] - INFO - Starting service browsing: _VirtualSpeaker._udp
2014-01-11 13:51:10,587 - root[12052] - CRITICAL - Cant find Serial port for key reading. We will now quit. Details: [Errno 2] No such file or directory: '/dev/ttyACM0'
2014-01-11 13:54:28,752 - root[12471] - INFO - Started VirtualSpeaker Service:
2014-01-11 13:54:28,752 - root[12471] - INFO -   name    =rpiSpeaker1337
2014-01-11 13:54:28,853 - root[12471] - INFO -   regtype =_VirtualSpeaker._udp.
2014-01-11 13:54:28,853 - root[12471] - INFO -   domain  =local.
2014-01-11 13:55:27,042 - root[12523] - INFO - Starting Bonjour service advertising thread
2014-01-11 13:55:27,887 - root[12523] - INFO - Started VirtualSpeaker Service:
2014-01-11 13:55:27,887 - root[12523] - INFO -   name    =rpiSpeaker1337
2014-01-11 13:55:27,887 - root[12523] - INFO -   regtype =_VirtualSpeaker._udp.
2014-01-11 13:55:27,887 - root[12523] - INFO -   domain  =local.
2014-01-11 13:56:25,044 - root[12716] - INFO - Starting Bonjour service advertising thread
2014-01-11 13:56:25,045 - root[12716] - INFO - Socket created
2014-01-11 13:56:25,340 - root[12716] - INFO - Started VirtualSpeaker Service:
2014-01-11 13:56:25,340 - root[12716] - INFO -   name    =rpiSpeaker1337
2014-01-11 13:56:25,340 - root[12716] - INFO -   regtype =_VirtualSpeaker._udp.
2014-01-11 13:56:25,340 - root[12716] - INFO -   domain  =local.
2014-01-11 13:58:33,509 - root[13016] - INFO - Starting VirtualDevice named: rpiSpeaker1337
2014-01-11 13:58:33,509 - root[13016] - INFO - Starting Bonjour service advertising thread
2014-01-11 13:58:33,510 - root[13016] - INFO - Socket created
2014-01-11 13:58:52,863 - root[13086] - INFO - Starting VirtualDevice named: rpiSpeaker1337
2014-01-11 13:58:52,863 - root[13086] - INFO - Starting Bonjour service advertising thread
2014-01-11 13:58:52,863 - root[13086] - INFO - Socket created
2014-01-11 13:59:47,097 - root[13222] - INFO - Starting VirtualDevice named: rpiSpeaker1337
2014-01-11 13:59:47,097 - root[13222] - INFO - Starting Bonjour service advertising thread
2014-01-11 13:59:47,098 - root[13222] - INFO - Socket created
2014-01-11 13:59:57,967 - root[13288] - INFO - Starting VirtualDevice named: rpiSpeaker1337
2014-01-11 13:59:57,968 - root[13288] - INFO - Starting Bonjour service advertising thread
2014-01-11 13:59:57,968 - root[13288] - INFO - Socket created
2014-01-11 13:59:57,969 - root[13288] - CRITICAL - Bind failed. Error Code : 48 message: Address already in use
2014-01-11 14:00:45,439 - root[13472] - INFO - Starting VirtualDevice named: rpiSpeaker1337
2014-01-11 14:00:45,439 - root[13472] - INFO - Starting Bonjour service advertising thread
2014-01-11 14:00:45,440 - root[13472] - INFO - Socket created
2014-01-11 14:00:45,441 - root[13472] - CRITICAL - Bind failed. Error Code : 48 message: Address already in use
2014-01-11 14:01:23,319 - root[13629] - INFO - Starting VirtualDevice named: rpiSpeaker1337
2014-01-11 14:01:23,319 - root[13629] - INFO - Starting Bonjour service advertising thread
2014-01-11 14:01:23,320 - root[13629] - INFO - Socket created
2014-01-11 14:01:23,320 - root[13629] - CRITICAL - Bind failed. Error Code : 48 message: Address already in use
2014-01-11 14:08:43,961 - root[14100] - INFO - Starting VirtualDevice named: rpiSpeaker1337
2014-01-11 14:08:43,961 - root[14100] - INFO - Starting Bonjour service advertising thread
2014-01-11 14:08:44,110 - root[14100] - INFO - Socket created
2014-01-11 14:08:44,111 - root[14100] - CRITICAL - Bind failed. Error Code : 48 message: Address already in use
2014-01-11 14:08:50,991 - root[14114] - INFO - Starting VirtualDevice named: rpiSpeaker1337
2014-01-11 14:08:50,991 - root[14114] - INFO - Starting Bonjour service browsing thread
2014-01-11 14:08:50,991 - root[14114] - INFO - Starting service browsing: _VirtualSpeaker._udp
2014-01-11 14:08:50,992 - root[14114] - CRITICAL - Cant find Serial port for key reading. We will now quit. Details: [Errno 2] No such file or directory: '/dev/ttyACM0'
2014-01-11 14:13:27,989 - root[14709] - INFO - Starting VirtualDevice named: rpiSpeaker1337
2014-01-11 14:13:27,989 - root[14709] - INFO - Starting Bonjour service advertising thread
2014-01-11 14:13:28,270 - root[14709] - INFO - Started VirtualSpeaker Service:
2014-01-11 14:13:28,270 - root[14709] - INFO -   name    =rpiSpeaker1337
2014-01-11 14:13:28,270 - root[14709] - INFO -   regtype =_VirtualSpeaker._udp.
2014-01-11 14:13:28,270 - root[14709] - INFO -   domain  =local.
2014-01-11 14:13:28,486 - root[14709] - INFO - Socket created
2014-01-11 14:13:28,487 - root[14709] - CRITICAL - Bind failed. Error Code : 48 message: Address already in use
